<?xml version="1.0" encoding="UTF-8"?>
<testng-results skipped="0" failed="0" total="0" passed="0">
  <reporter-output>
  </reporter-output>
  <suite name="com.test.bdd.RunCukesTest" duration-ms="3" started-at="2015-12-08T14:07:49Z" finished-at="2015-12-08T14:07:49Z">
    <groups>
    </groups>
    <test name="Command line test" duration-ms="3" started-at="2015-12-08T14:07:49Z" finished-at="2015-12-08T14:07:49Z">
    </test> <!-- Command line test -->
  </suite> <!-- com.test.bdd.RunCukesTest -->
</testng-results>
